[    0.000000] Initializing cgroup subsys cpuset
[    0.000000] Initializing cgroup subsys cpu
[    0.000000] Initializing cgroup subsys cpuacct
[    0.000000] Linux version 4.4.0-200-generic (buildd@lgw01-amd64-032) (gcc version 5.4.0 20160609 (Ubuntu 5.4.0-6ubuntu1~16.04.12) ) #232-Ubuntu SMP Wed Jan 13 10:18:39 UTC 2021 (Ubuntu 4.4.0-200.232-generic 4.4.244)
[    0.000000] Command line: BOOT_IMAGE=/boot/vmlinuz-4.4.0-200-generic root=LABEL=cloudimg-rootfs ro console=tty1 console=ttyS0
[    0.000000] KERNEL supported cpus:
[    0.000000]   Intel GenuineIntel
[    0.000000]   AMD AuthenticAMD
[    0.000000]   Centaur CentaurHauls
[    0.000000] x86/fpu: xstate_offset[2]:  576, xstate_sizes[2]:  256
[    0.000000] x86/fpu: Supporting XSAVE feature 0x01: 'x87 floating point registers'
[    0.000000] x86/fpu: Supporting XSAVE feature 0x02: 'SSE registers'
[    0.000000] x86/fpu: Supporting XSAVE feature 0x04: 'AVX registers'
[    0.000000] x86/fpu: Enabled xstate features 0x7, context size is 832 bytes, using 'standard' format.
[    0.000000] e820: BIOS-provided physical RAM map:
[    0.000000] BIOS-e820: [mem 0x0000000000000000-0x000000000009fbff] usable
[    0.000000] BIOS-e820: [mem 0x000000000009fc00-0x000000000009ffff] reserved
[    0.000000] BIOS-e820: [mem 0x00000000000f0000-0x00000000000fffff] reserved
[    0.000000] BIOS-e820: [mem 0x0000000000100000-0x000000003ffeffff] usable
[    0.000000] BIOS-e820: [mem 0x000000003fff0000-0x000000003fffffff] ACPI data
[    0.000000] BIOS-e820: [mem 0x00000000fec00000-0x00000000fec00fff] reserved
[    0.000000] BIOS-e820: [mem 0x00000000fee00000-0x00000000fee00fff] reserved
[    0.000000] BIOS-e820: [mem 0x00000000fffc0000-0x00000000ffffffff] reserved
[    0.000000] NX (Execute Disable) protection: active
[    0.000000] SMBIOS 2.5 present.
[    0.000000] Hypervisor detected: KVM
[    0.000000] e820: last_pfn = 0x3fff0 max_arch_pfn = 0x400000000
[    0.000000] MTRR: Disabled
[    0.000000] x86/PAT: MTRRs disabled, skipping PAT initialization too.
[    0.000000] CPU MTRRs all blank - virtualized system.
[    0.000000] x86/PAT: Configuration [0-7]: WB  WT  UC- UC  WB  WT  UC- UC  
[    0.000000] found SMP MP-table at [mem 0x0009fff0-0x0009ffff] mapped at [ffff88000009fff0]
[    0.000000] Scanning 1 areas for low memory corruption
[    0.000000] RAMDISK: [mem 0x362de000-0x37166fff]
[    0.000000] ACPI: Early table checksum verification disabled
[    0.000000] ACPI: RSDP 0x00000000000E0000 000024 (v02 VBOX  )
[    0.000000] ACPI: XSDT 0x000000003FFF0030 00003C (v01 VBOX   VBOXXSDT 00000001 ASL  00000061)
[    0.000000] ACPI: FACP 0x000000003FFF00F0 0000F4 (v04 VBOX   VBOXFACP 00000001 ASL  00000061)
[    0.000000] ACPI: DSDT 0x000000003FFF0470 002325 (v02 VBOX   VBOXBIOS 00000002 INTL 20120111)
[    0.000000] ACPI: FACS 0x000000003FFF0200 000040
[    0.000000] ACPI: FACS 0x000000003FFF0200 000040
[    0.000000] ACPI: APIC 0x000000003FFF0240 00005C (v02 VBOX   VBOXAPIC 00000001 ASL  00000061)
[    0.000000] ACPI: SSDT 0x000000003FFF02A0 0001CC (v01 VBOX   VBOXCPUT 00000002 INTL 20120111)
[    0.000000] No NUMA configuration found
[    0.000000] Faking a node at [mem 0x0000000000000000-0x000000003ffeffff]
[    0.000000] NODE_DATA(0) allocated [mem 0x3ffeb000-0x3ffeffff]
[    0.000000] kvm-clock: Using msrs 4b564d01 and 4b564d00
[    0.000000] kvm-clock: cpu 0, msr 0:3ffe3001, primary cpu clock
[    0.000000] kvm-clock: using sched offset of 4552628429 cycles
[    0.000000] clocksource: kvm-clock: mask: 0xffffffffffffffff max_cycles: 0x1cd42e4dffb, max_idle_ns: 881590591483 ns
[    0.000000] Zone ranges:
[    0.000000]   DMA      [mem 0x0000000000001000-0x0000000000ffffff]
[    0.000000]   DMA32    [mem 0x0000000001000000-0x000000003ffeffff]
[    0.000000]   Normal   empty
[    0.000000]   Device   empty
[    0.000000] Movable zone start for each node
[    0.000000] Early memory node ranges
[    0.000000]   node   0: [mem 0x0000000000001000-0x000000000009efff]
[    0.000000]   node   0: [mem 0x0000000000100000-0x000000003ffeffff]
[    0.000000] Initmem setup node 0 [mem 0x0000000000001000-0x000000003ffeffff]
[    0.000000] ACPI: PM-Timer IO Port: 0x4008
[    0.000000] IOAPIC[0]: apic_id 2, version 32, address 0xfec00000, GSI 0-23
[    0.000000] ACPI: INT_SRC_OVR (bus 0 bus_irq 0 global_irq 2 dfl dfl)
[    0.000000] ACPI: INT_SRC_OVR (bus 0 bus_irq 9 global_irq 9 low level)
[    0.000000] Using ACPI (MADT) for SMP configuration information
[    0.000000] smpboot: Allowing 2 CPUs, 0 hotplug CPUs
[    0.000000] PM: Registered nosave memory: [mem 0x00000000-0x00000fff]
[    0.000000] PM: Registered nosave memory: [mem 0x0009f000-0x0009ffff]
[    0.000000] PM: Registered nosave memory: [mem 0x000a0000-0x000effff]
[    0.000000] PM: Registered nosave memory: [mem 0x000f0000-0x000fffff]
[    0.000000] e820: [mem 0x40000000-0xfebfffff] available for PCI devices
[    0.000000] Booting paravirtualized kernel on KVM
[    0.000000] clocksource: refined-jiffies: mask: 0xffffffff max_cycles: 0xffffffff, max_idle_ns: 7645519600211568 ns
[    0.000000] setup_percpu: NR_CPUS:512 nr_cpumask_bits:512 nr_cpu_ids:2 nr_node_ids:1
[    0.000000] PERCPU: Embedded 33 pages/cpu @ffff88003fc00000 s95640 r8192 d31336 u1048576
[    0.000000] Built 1 zonelists in Node order, mobility grouping on.  Total pages: 257912
[    0.000000] Policy zone: DMA32
[    0.000000] Kernel command line: BOOT_IMAGE=/boot/vmlinuz-4.4.0-200-generic root=LABEL=cloudimg-rootfs ro console=tty1 console=ttyS0
[    0.000000] PID hash table entries: 4096 (order: 3, 32768 bytes)
[    0.000000] Memory: 997660K/1048120K available (8641K kernel code, 1337K rwdata, 4044K rodata, 1492K init, 1296K bss, 50460K reserved, 0K cma-reserved)
[    0.000000] SLUB: HWalign=64, Order=0-3, MinObjects=0, CPUs=2, Nodes=1
[    0.000000] Kernel/User page tables isolation: enabled
[    0.000000] Hierarchical RCU implementation.
[    0.000000] 	Build-time adjustment of leaf fanout to 64.
[    0.000000] 	RCU restricting CPUs from NR_CPUS=512 to nr_cpu_ids=2.
[    0.000000] RCU: Adjusting geometry for rcu_fanout_leaf=64, nr_cpu_ids=2
[    0.000000] NR_IRQS:33024 nr_irqs:440 16
[    0.000000] Console: colour VGA+ 80x25
[    0.000000] console [tty1] enabled
[    0.000000] console [ttyS0] enabled
[    0.000000] tsc: Detected 2594.088 MHz processor
[    0.223996] Calibrating delay loop (skipped) preset value.. 5188.17 BogoMIPS (lpj=10376352)
[    0.226911] pid_max: default: 32768 minimum: 301
[    0.228592] ACPI: Core revision 20150930
[    0.230842] ACPI: 2 ACPI AML tables successfully acquired and loaded
[    0.233102] Security Framework initialized
[    0.234416] Yama: becoming mindful.
[    0.235720] AppArmor: AppArmor initialized
[    0.237220] Dentry cache hash table entries: 131072 (order: 8, 1048576 bytes)
[    0.241238] Inode-cache hash table entries: 65536 (order: 7, 524288 bytes)
[    0.243649] Mount-cache hash table entries: 2048 (order: 2, 16384 bytes)
[    0.246452] Mountpoint-cache hash table entries: 2048 (order: 2, 16384 bytes)
[    0.249438] Initializing cgroup subsys io
[    0.250978] Initializing cgroup subsys memory
[    0.252553] Initializing cgroup subsys devices
[    0.254023] Initializing cgroup subsys freezer
[    0.255514] Initializing cgroup subsys net_cls
[    0.256995] Initializing cgroup subsys perf_event
[    0.258472] Initializing cgroup subsys net_prio
[    0.260042] Initializing cgroup subsys hugetlb
[    0.261485] Initializing cgroup subsys pids
[    0.263276] mce: CPU supports 0 MCE banks
[    0.264633] Last level iTLB entries: 4KB 512, 2MB 8, 4MB 8
[    0.266316] Last level dTLB entries: 4KB 512, 2MB 32, 4MB 32, 1GB 0
[    0.268324] Spectre V1 : Mitigation: usercopy/swapgs barriers and __user pointer sanitization
[    0.272219] Spectre V2 : Mitigation: Full generic retpoline
[    0.274585] Spectre V2 : Spectre v2 / SpectreRSB mitigation: Filling RSB on context switch
[    0.278038] Speculative Store Bypass: Vulnerable
[    0.279682] SRBDS: Unknown: Dependent on hypervisor status
[    0.281525] MDS: Mitigation: Clear CPU buffers
[    0.286452] Freeing SMP alternatives memory: 36K
[    0.296266] ftrace: allocating 32360 entries in 127 pages
[    0.414259] smpboot: APIC(0) Converting physical 0 to logical package 0
[    0.416913] smpboot: Max logical packages: 1
[    0.418835] x2apic enabled
[    0.420124] Switched APIC routing to physical x2apic.
[    0.423306] ..TIMER: vector=0x30 apic1=0 pin1=2 apic2=-1 pin2=-1
[    0.534094] smpboot: CPU0: Intel(R) Core(TM) i5-3230M CPU @ 2.60GHz (family: 0x6, model: 0x3a, stepping: 0x9)
[    0.537483] Performance Events: unsupported p6 CPU model 58 no PMU driver, software events only.
[    0.553449] KVM setup paravirtual spinlock
[    0.556055] x86: Booting SMP configuration:
[    0.557764] .... node  #0, CPUs:      #1
[    0.559571] kvm-clock: cpu 1, msr 0:3ffe3041, secondary cpu clock
[    0.562124] mce: CPU supports 0 MCE banks
[    0.565473] x86: Booted up 1 node, 2 CPUs
[    0.567059] smpboot: Total of 2 processors activated (10376.35 BogoMIPS)
[    0.569703] devtmpfs: initialized
[    0.572800] evm: security.selinux
[    0.574049] evm: security.SMACK64
[    0.575175] evm: security.SMACK64EXEC
[    0.576475] evm: security.SMACK64TRANSMUTE
[    0.578001] evm: security.SMACK64MMAP
[    0.579793] evm: security.ima
[    0.580955] evm: security.capability
[    0.582520] clocksource: jiffies: mask: 0xffffffff max_cycles: 0xffffffff, max_idle_ns: 7645041785100000 ns
[    0.585590] futex hash table entries: 512 (order: 3, 32768 bytes)
[    0.587702] pinctrl core: initialized pinctrl subsystem
[    0.589822] RTC time: 21:17:24, date: 01/24/21
[    0.591578] NET: Registered protocol family 16
[    0.606284] cpuidle: using governor ladder
[    0.618156] cpuidle: using governor menu
[    0.620578] PCCT header not found.
[    0.623507] ACPI: bus type PCI registered
[    0.625030] acpiphp: ACPI Hot Plug PCI Controller Driver version: 0.5
[    0.627521] PCI: Using configuration type 1 for base access
[    0.643088] ACPI: Added _OSI(Module Device)
[    0.644770] ACPI: Added _OSI(Processor Device)
[    0.646355] ACPI: Added _OSI(3.0 _SCP Extensions)
[    0.647828] ACPI: Added _OSI(Processor Aggregator Device)
[    0.650558] ACPI: Executed 1 blocks of module-level executable AML code
[    0.654966] ACPI: Interpreter enabled
[    0.656213] ACPI: (supports S0 S5)
[    0.657611] ACPI: Using IOAPIC for interrupt routing
[    0.659573] PCI: Using host bridge windows from ACPI; if necessary, use "pci=nocrs" and report a bug
[    0.668789] ACPI: PCI Root Bridge [PCI0] (domain 0000 [bus 00-ff])
[    0.670795] acpi PNP0A03:00: _OSC: OS supports [ASPM ClockPM Segments MSI]
[    0.673247] acpi PNP0A03:00: _OSC: not requesting OS control; OS requires [ExtendedConfig ASPM ClockPM MSI]
[    0.676433] acpi PNP0A03:00: fail to add MMCONFIG information, can't access extended PCI configuration space under this bridge.
[    0.680691] PCI host bridge to bus 0000:00
[    0.682121] pci_bus 0000:00: root bus resource [io  0x0000-0x0cf7 window]
[    0.684192] pci_bus 0000:00: root bus resource [io  0x0d00-0xffff window]
[    0.686374] pci_bus 0000:00: root bus resource [mem 0x000a0000-0x000bffff window]
[    0.689110] pci_bus 0000:00: root bus resource [mem 0x40000000-0xfdffffff window]
[    0.691691] pci_bus 0000:00: root bus resource [bus 00-ff]
[    0.697461] pci 0000:00:01.1: legacy IDE quirk: reg 0x10: [io  0x01f0-0x01f7]
[    0.699665] pci 0000:00:01.1: legacy IDE quirk: reg 0x14: [io  0x03f6]
[    0.701779] pci 0000:00:01.1: legacy IDE quirk: reg 0x18: [io  0x0170-0x0177]
[    0.713986] pci 0000:00:01.1: legacy IDE quirk: reg 0x1c: [io  0x0376]
[    0.740988] pci 0000:00:07.0: quirk: [io  0x4000-0x403f] claimed by PIIX4 ACPI
[    0.743515] pci 0000:00:07.0: quirk: [io  0x4100-0x410f] claimed by PIIX4 SMB
[    0.761196] ACPI: PCI Interrupt Link [LNKA] (IRQs 5 9 10 *11)
[    0.764061] ACPI: PCI Interrupt Link [LNKB] (IRQs 5 9 *10 11)
[    0.766595] ACPI: PCI Interrupt Link [LNKC] (IRQs 5 *9 10 11)
[    0.769107] ACPI: PCI Interrupt Link [LNKD] (IRQs 5 9 10 *11)
[    0.771949] ACPI: Enabled 2 GPEs in block 00 to 07
[    0.774378] vgaarb: setting as boot device: PCI:0000:00:02.0
[    0.776223] vgaarb: device added: PCI:0000:00:02.0,decodes=io+mem,owns=io+mem,locks=none
[    0.779397] vgaarb: loaded
[    0.780363] vgaarb: bridge control possible 0000:00:02.0
[    0.782430] SCSI subsystem initialized
[    0.783948] ACPI: bus type USB registered
[    0.785385] usbcore: registered new interface driver usbfs
[    0.787096] usbcore: registered new interface driver hub
[    0.788834] usbcore: registered new device driver usb
[    0.790886] PCI: Using ACPI for IRQ routing
[    0.794205] NetLabel: Initializing
[    0.795386] NetLabel:  domain hash size = 128
[    0.796837] NetLabel:  protocols = UNLABELED CIPSOv4
[    0.798381] NetLabel:  unlabeled traffic allowed by default
[    0.800349] amd_nb: Cannot enumerate AMD northbridges
[    0.802047] clocksource: Switched to clocksource kvm-clock
[    0.812635] AppArmor: AppArmor Filesystem Enabled
[    0.814446] pnp: PnP ACPI init
[    0.817257] pnp: PnP ACPI: found 3 devices
[    0.831083] clocksource: acpi_pm: mask: 0xffffff max_cycles: 0xffffff, max_idle_ns: 2085701024 ns
[    0.833921] NET: Registered protocol family 2
[    0.835517] TCP established hash table entries: 8192 (order: 4, 65536 bytes)
[    0.837642] TCP bind hash table entries: 8192 (order: 5, 131072 bytes)
[    0.839865] TCP: Hash tables configured (established 8192 bind 8192)
[    0.841798] UDP hash table entries: 512 (order: 2, 16384 bytes)
[    0.843729] UDP-Lite hash table entries: 512 (order: 2, 16384 bytes)
[    0.845788] NET: Registered protocol family 1
[    0.847220] pci 0000:00:00.0: Limiting direct PCI/PCI transfers
[    0.849046] pci 0000:00:01.0: Activating ISA DMA hang workarounds
[    0.851329] Unpacking initramfs...
[    1.105152] Freeing initrd memory: 14884K
[    1.106701] RAPL PMU detected, API unit is 2^-32 Joules, 3 fixed counters 10737418240 ms ovfl timer
[    1.109625] hw unit of domain pp0-core 2^-0 Joules
[    1.111391] hw unit of domain package 2^-0 Joules
[    1.113518] hw unit of domain pp1-gpu 2^-0 Joules
[    1.115355] clocksource: tsc: mask: 0xffffffffffffffff max_cycles: 0x25646b981d7, max_idle_ns: 440795327688 ns
[    1.118548] platform rtc_cmos: registered platform RTC device (no PNP device found)
[    1.121273] Scanning for low memory corruption every 60 seconds
[    1.123833] audit: initializing netlink subsys (disabled)
[    1.125524] audit: type=2000 audit(1611523050.249:1): initialized
[    1.127920] Initialise system trusted keyring
[    1.130343] HugeTLB registered 2 MB page size, pre-allocated 0 pages
[    1.134210] zbud: loaded
[    1.135744] VFS: Disk quotas dquot_6.6.0
[    1.137170] VFS: Dquot-cache hash table entries: 512 (order 0, 4096 bytes)
[    1.139781] squashfs: version 4.0 (2009/01/31) Phillip Lougher
[    1.142027] fuse init (API version 7.23)
[    1.143705] Key type big_key registered
[    1.145034] Allocating IMA MOK and blacklist keyrings.
[    1.148358] Key type asymmetric registered
[    1.149695] Asymmetric key parser 'x509' registered
[    1.151355] Block layer SCSI generic (bsg) driver version 0.4 loaded (major 249)
[    1.154014] io scheduler noop registered
[    1.155725] io scheduler deadline registered (default)
[    1.157579] io scheduler cfq registered
[    1.159184] pci_hotplug: PCI Hot Plug PCI Core version: 0.5
[    1.160897] pciehp: PCI Express Hot Plug Controller Driver version: 0.4
[    1.163476] ACPI: AC Adapter [AC] (off-line)
[    1.164941] input: Power Button as /devices/LNXSYSTM:00/LNXPWRBN:00/input/input0
[    1.167413] ACPI: Power Button [PWRF]
[    1.168729] input: Sleep Button as /devices/LNXSYSTM:00/LNXSLPBN:00/input/input1
[    1.171241] ACPI: Sleep Button [SLPF]
[    1.173130] GHES: HEST is not enabled!
[    1.174929] ACPI: Battery Slot [BAT0] (battery present)
[    1.176860] Serial: 8250/16550 driver, 32 ports, IRQ sharing enabled
[    1.200161] 00:02: ttyS0 at I/O 0x3f8 (irq = 4, base_baud = 115200) is a 16550A
[    1.205912] Linux agpgart interface v0.103
[    1.210172] loop: module loaded
[    1.211961] scsi host0: ata_piix
[    1.213421] scsi host1: ata_piix
[    1.214776] ata1: PATA max UDMA/33 cmd 0x1f0 ctl 0x3f6 bmdma 0xd000 irq 14
[    1.217208] ata2: PATA max UDMA/33 cmd 0x170 ctl 0x376 bmdma 0xd008 irq 15
[    1.219485] libphy: Fixed MDIO Bus: probed
[    1.220872] tun: Universal TUN/TAP device driver, 1.6
[    1.222662] tun: (C) 1999-2004 Max Krasnyansky <maxk@qualcomm.com>
[    1.225091] PPP generic driver version 2.4.2
[    1.226716] ehci_hcd: USB 2.0 'Enhanced' Host Controller (EHCI) Driver
[    1.228713] ehci-pci: EHCI PCI platform driver
[    1.230309] ehci-platform: EHCI generic platform driver
[    1.232684] ohci_hcd: USB 1.1 'Open' Host Controller (OHCI) Driver
[    1.235007] ohci-pci: OHCI PCI platform driver
[    1.236582] ohci-platform: OHCI generic platform driver
[    1.238229] uhci_hcd: USB Universal Host Controller Interface driver
[    1.240408] i8042: PNP: PS/2 Controller [PNP0303:PS2K,PNP0f03:PS2M] at 0x60,0x64 irq 1,12
[    1.243545] serio: i8042 KBD port at 0x60,0x64 irq 1
[    1.245098] serio: i8042 AUX port at 0x60,0x64 irq 12
[    1.247280] mousedev: PS/2 mouse device common for all mice
[    1.249672] input: AT Translated Set 2 keyboard as /devices/platform/i8042/serio0/input/input2
[    1.253230] rtc_cmos rtc_cmos: rtc core: registered rtc_cmos as rtc0
[    1.255803] rtc_cmos rtc_cmos: alarms up to one day, 114 bytes nvram
[    1.259984] i2c /dev entries driver
[    1.261519] device-mapper: uevent: version 1.0.3
[    1.263248] device-mapper: ioctl: 4.34.0-ioctl (2015-10-28) initialised: dm-devel@redhat.com
[    1.265946] ledtrig-cpu: registered to indicate activity on CPUs
[    1.268644] NET: Registered protocol family 10
[    1.270594] NET: Registered protocol family 17
[    1.272025] Key type dns_resolver registered
[    1.274208] registered taskstats version 1
[    1.275552] Loading compiled-in X.509 certificates
[    1.277742] Loaded X.509 cert 'Build time autogenerated kernel key: d37465c24ef3fae6c7088e8c56d8ac7755b77486'
[    1.281007] zswap: loaded using pool lzo/zbud
[    1.284766] Key type trusted registered
[    1.290284] Key type encrypted registered
[    1.291597] AppArmor: AppArmor sha1 policy hashing enabled
[    1.293271] ima: No TPM chip found, activating TPM-bypass!
[    1.295023] ima: Allocated hash algorithm: sha1
[    1.296784] evm: HMAC attrs: 0x1
[    1.298586]   Magic number: 5:720:298
[    1.299905] rtc_cmos rtc_cmos: setting system clock to 2021-01-24 21:17:24 UTC (1611523044)
[    1.303142] BIOS EDD facility v0.16 2004-Jun-25, 0 devices found
[    1.305203] EDD information not available.
[    1.400332] Freeing unused kernel memory: 1492K
[    1.401855] Write protecting the kernel read-only data: 14336k
[    1.404236] Freeing unused kernel memory: 1588K
[    1.406230] Freeing unused kernel memory: 52K
Loading, please wait...
starting version 229
[    1.429011] random: systemd-udevd: uninitialized urandom read (16 bytes read, 2 bits of entropy available)
[    1.430235] random: udevadm: uninitialized urandom read (16 bytes read, 2 bits of entropy available)
[    1.430277] random: udevadm: uninitialized urandom read (16 bytes read, 2 bits of entropy available)
[    1.455499] random: systemd-udevd: uninitialized urandom read (16 bytes read, 2 bits of entropy available)
[    1.458065] random: udevadm: uninitialized urandom read (16 bytes read, 2 bits of entropy available)
[    1.458395] random: udevadm: uninitialized urandom read (16 bytes read, 2 bits of entropy available)
[    1.459191] random: udevadm: uninitialized urandom read (16 bytes read, 2 bits of entropy available)
[    1.459540] random: udevadm: uninitialized urandom read (16 bytes read, 2 bits of entropy available)
[    1.459754] random: udevadm: uninitialized urandom read (16 bytes read, 2 bits of entropy available)
[    1.459950] random: udevadm: uninitialized urandom read (16 bytes read, 2 bits of entropy available)
[    1.599971] e1000: Intel(R) PRO/1000 Network Driver - version 7.3.21-k8-NAPI
[    1.602099] e1000: Copyright (c) 1999-2006 Intel Corporation.
[    1.611295] Fusion MPT base driver 3.04.20
[    1.620800] Copyright (c) 1999-2008 LSI Corporation
[    1.631316] Fusion MPT SPI Host driver 3.04.20
[    1.657799] AVX version of gcm_enc/dec engaged.
[    1.676026] AES CTR mode by8 optimization enabled
[    1.832202] input: ImExPS/2 Generic Explorer Mouse as /devices/platform/i8042/serio1/input/input4
[    2.087880] e1000 0000:00:03.0 eth0: (PCI:33MHz:32-bit) 02:95:c5:cf:8a:88
[    2.090537] e1000 0000:00:03.0 eth0: Intel(R) PRO/1000 Network Connection
[    2.094552] mptbase: ioc0: Initiating bringup
[    2.666605] ioc0: LSI53C1030 A0: Capabilities={Initiator}
[    4.538548] scsi host2: ioc0: LSI53C1030 A0, FwRev=00000000h, Ports=1, MaxQ=256, IRQ=20
[    5.452817] scsi 2:0:0:0: Direct-Access     VBOX     HARDDISK         1.0  PQ: 0 ANSI: 5
[    5.456493] scsi target2:0:0: Beginning Domain Validation
[    5.462284] scsi target2:0:0: Domain Validation skipping write tests
[    5.469785] scsi target2:0:0: Ending Domain Validation
[    5.471655] scsi target2:0:0: asynchronous
[    5.473660] scsi 2:0:1:0: Direct-Access     VBOX     HARDDISK         1.0  PQ: 0 ANSI: 5
[    5.486207] scsi target2:0:1: Beginning Domain Validation
[    5.489685] scsi target2:0:1: Domain Validation skipping write tests
[    5.491841] scsi target2:0:1: Ending Domain Validation
[    5.493517] scsi target2:0:1: asynchronous
[    5.519267] sd 2:0:0:0: Attached scsi generic sg0 type 0
[    5.522198] sd 2:0:0:0: [sda] 20971520 512-byte logical blocks: (10.7 GB/10.0 GiB)
[    5.529624] sd 2:0:1:0: [sdb] 20480 512-byte logical blocks: (10.5 MB/10.0 MiB)
[    5.533897] sd 2:0:1:0: Attached scsi generic sg1 type 0
[    5.536487] sd 2:0:1:0: [sdb] Write Protect is off
[    5.538703] sd 2:0:0:0: [sda] Write Protect is off
[    5.541134] sd 2:0:1:0: [sdb] Incomplete mode parameter data
[    5.544168] sd 2:0:1:0: [sdb] Assuming drive cache: write through
[    5.547323] sd 2:0:0:0: [sda] Incomplete mode parameter data
[    5.549118] sd 2:0:0:0: [sda] Assuming drive cache: write through
[    5.554261]  sda: sda1
[    5.556775] sd 2:0:1:0: [sdb] Attached SCSI disk
[    5.558805] sd 2:0:0:0: [sda] Attached SCSI disk
[    6.141528] e1000 0000:00:08.0 eth1: (PCI:33MHz:32-bit) 08:00:27:93:3f:d6
[    6.144496] e1000 0000:00:08.0 eth1: Intel(R) PRO/1000 Network Connection
[    6.148974] e1000 0000:00:03.0 enp0s3: renamed from eth0
[    6.167083] e1000 0000:00:08.0 enp0s8: renamed from eth1
Begin: Loading essential drivers ... [    7.785737] md: linear personality registered for level -1
[    7.791122] md: multipath personality registered for level -4
[    7.796703] md: raid0 personality registered for level 0
[    7.804225] md: raid1 personality registered for level 1
[    7.879616] raid6: sse2x1   gen()  8365 MB/s
[    7.946217] raid6: sse2x1   xor()  6405 MB/s
[    8.017431] raid6: sse2x2   gen() 10435 MB/s
[    8.086664] raid6: sse2x2   xor()  6679 MB/s
[    8.159347] raid6: sse2x4   gen() 12999 MB/s
[    8.226084] raid6: sse2x4   xor()  8292 MB/s
[    8.227541] raid6: using algorithm sse2x4 gen() 12999 MB/s
[    8.229378] raid6: .... xor() 8292 MB/s, rmw enabled
[    8.231173] raid6: using ssse3x2 recovery algorithm
[    8.234592] xor: automatically using best checksumming function:
[    8.274222]    avx       : 20882.000 MB/sec
[    8.277541] async_tx: api initialized (async)
[    8.296849] md: raid6 personality registered for level 6
[    8.299799] md: raid5 personality registered for level 5
[    8.302169] md: raid4 personality registered for level 4
[    8.317344] md: raid10 personality registered for level 10
done.
Begin: Running /scripts/init-premount ... done.
Begin: Mounting root file system ... Begin: Running /scripts/local-top ... done.
Begin: Running /scripts/local-premount ... [    8.406505] Btrfs loaded
Scanning for Btrfs filesystems
done.
Warning: fsck not present, so skipping root file system
[    8.463413] EXT4-fs (sda1): mounted filesystem with ordered data mode. Opts: (null)
done.
Begin: Running /scripts/local-bottom ... done.
Begin: Running /scripts/init-bottom ... done.
[    8.621924] systemd[1]: systemd 229 running in system mode. (+PAM +AUDIT +SELINUX +IMA +APPARMOR +SMACK +SYSVINIT +UTMP +LIBCRYPTSETUP +GCRYPT +GNUTLS +ACL +XZ -LZ4 +SECCOMP +BLKID +ELFUTILS +KMOD -IDN)
[    8.629292] systemd[1]: Detected virtualization oracle.
[    8.631056] systemd[1]: Detected architecture x86-64.

Welcome to [1mUbuntu 16.04.7 LTS[0m!

[    8.638665] systemd[1]: Set hostname to <ubuntu>.
[    8.647257] systemd[1]: Initializing machine ID from random generator.
[    8.649297] systemd[1]: Installed transient /etc/machine-id file.
[    8.849967] systemd[1]: Listening on udev Control Socket.
[[0;32m  OK  [0m] Listening on udev Control Socket.
[    8.854363] systemd[1]: Reached target User and Group Name Lookups.
[[0;32m  OK  [0m] Reached target User and Group Name Lookups.
[    8.858203] systemd[1]: Listening on Syslog Socket.
[[0;32m  OK  [0m] Listening on Syslog Socket.
[    8.861714] systemd[1]: Created slice System Slice.
[[0;32m  OK  [0m] Created slice System Slice.
[    8.865052] systemd[1]: Listening on /dev/initctl Compatibility Named Pipe.
[[0;32m  OK  [0m] Listening on /dev/initctl Compatibility Named Pipe.
[    8.869164] systemd[1]: Reached target Encrypted Volumes.
[[0;32m  OK  [0m] Reached target Encrypted Volumes.
[    8.873185] systemd[1]: Created slice system-serial\x2dgetty.slice.
[[0;32m  OK  [0m] Created slice system-serial\x2dgetty.slice.
[    8.877032] systemd[1]: Started Forward Password Requests to Wall Directory Watch.
[[0;32m  OK  [0m] Started Forward Password Requests to Wall Directory Watch.
[    8.881818] systemd[1]: Listening on Journal Socket (/dev/log).
[[0;32m  OK  [0m] Listening on Journal Socket (/dev/log).
[    8.885552] systemd[1]: Listening on Device-mapper event daemon FIFOs.
[[0;32m  OK  [0m] Listening on Device-mapper event daemon FIFOs.
[    8.895112] systemd[1]: Listening on Journal Audit Socket.
[[0;32m  OK  [0m] Listening on Journal Audit Socket.
[    8.898616] systemd[1]: Listening on udev Kernel Socket.
[[0;32m  OK  [0m] Listening on udev Kernel Socket.
[    8.902533] systemd[1]: Listening on Journal Socket.
[[0;32m  OK  [0m] Listening on Journal Socket.
[    8.922413] systemd[1]: Starting Remount Root and Kernel File Systems...
         Starting Remount Root and Kernel File Systems...
[    8.928874] systemd[1]: Mounting POSIX Message Queue File System...
         Mounting POSIX M[    8.932610] EXT4-fs (sda1): re-mounted. Opts: (null)
essage Queue File System...
[    8.936357] systemd[1]: Starting Create list of required static device nodes for the current kernel...
         Starting Create list of required st... nodes for the current kernel...
[    8.945804] systemd[1]: Mounting Huge Pages File System...
         Mounting Huge Pages File System...
[    8.950867] systemd[1]: Starting Journal Service...
         Starting Journal Service...
[    8.960724] systemd[1]: Starting Uncomplicated firewall...
         Starting Uncomplicated firewall...
[    8.967793] systemd[1]: Mounting Debug File System...
         Mounting Debug File System...
[    8.974375] systemd[1]: Starting Nameserver information manager...
         Starting Nameserver information manager...
[    8.980948] systemd[1]: Starting Set console keymap...
         Starting Set console keymap...
[    8.987259] systemd[1]: Reached target Swap.
[[0;32m  OK  [0m] Reached target Swap.
[    8.990673] systemd[1]: Reached target System Time Synchronized.
[[0;32m  OK  [0m] Reached target System Time Synchronized.
[    9.010334] systemd[1]: Starting Load Kernel Modules...
         Starting Load Kernel Modules...
[    9.015510] systemd[1]: Set up automount Arbitrary Executable File Formats File System Automount Point.
[[0;32m  OK  [0m] Set up automount Arbitrary Executab...ats File System Automount Point.
[    9.026558] systemd[1]: Created slice User and Session Slice.
[[0;32m  OK  [0m] Created slice User and Session Slice.
[    9.032260] Loading iSCSI transport class v2.0-870.
[    9.032263] systemd[1]: Reached target Slices.
[[0;32m  OK  [0m] Reached target Slices.
[    9.037742] systemd[1]: Listening on LVM2 poll daemon socket.
[[0;32m  OK  [0m] Listening on LVM2 poll daemon socket.
[    9.043779] systemd[1]: Started Trigger resolvconf update for networkd DNS.
[[0;32m  OK  [0m] Started Trigger resolvconf update for networkd DNS.
[    9.050440] iscsi: registered transport (tcp)
[    9.051776] systemd[1]: Listening on LVM2 metadata daemon socket.
[[0;32m  OK  [0m] Listening on LVM2 metadata daemon socket.
[    9.070358] systemd[1]: Starting Monitoring of LVM2 mirrors, snapshots etc. using dmeventd or progress polling...
         Starting Monitoring of LVM2 mirrors... dmeventd or progress polling...
[    9.081521] systemd[1]: Mounted Debug File System.
[[0;32m  OK  [0m] Mounted Debug File System.
[    9.085645] systemd[1]: Mounted Huge Pages File System.
[[0;32m  OK  [0m] Mounted Huge Pages File System.
[    9.089832] systemd[1]: Mounted POSIX Message Queue File System.
[[0;32m  OK  [0m] Mounted POSIX Message Queue File System.
[    9.096602] systemd[1]: Started Journal Service.
[[0;32m  OK  [0m] Started Journal Service.
[[0;32m  OK  [0m] Started Remount Root and Kernel File Systems.
[[0;32m  OK  [0m] Started Create list of required sta...ce nodes for the current kernel.
[[0;32m  OK  [0m] Started Uncomplicated firewall.
[    9.126420] iscsi: registered transport (iser)
[[0;32m  OK  [0m] Started Set console keymap.
[[0;32m  OK  [0m] Started Load Kernel Modules.
[[0;32m  OK  [0m] Started Nameserver information manager.
[[0;32m  OK  [0m] Started LVM2 metadata daemon.
         Mounting FUSE Control File System...
         Starting Apply Kernel Variables...
         Starting Create Static Device Nodes in /dev...
         Starting udev Coldplug all Devices...
         Starting Load/Save Random Seed...
         Starting Flush Journal to Persistent Storage...
[[0;32m  OK  [0m] Mounted FUSE Control File System.
[[0;32m  OK  [0m] Started Load/Save Random Seed.
[[0;32m  OK  [0m] Started Apply Kernel Variables.
[[0;32m  OK  [0m] Started Create Static Device Nodes in /dev.
         Starting udev Kernel Device Manager...
[[0;32m  OK  [0m] Started Flush Journal to Persistent Storage.
[[0;32m  OK  [0m] Started udev Kernel Device Manager.
[[0;32m  OK  [0m] Started udev Coldplug all Devices.
[[0;32m  OK  [0m] Started Dispatch Password Requests to Console Directory Watch.
[[0;32m  OK  [0m] Started Monitoring of LVM2 mirrors,...ng dmeventd or progress polling.
[[0;32m  OK  [0m] Reached target Local File Systems (Pre).
[[0;32m  OK  [0m] Reached target Local File Systems.
         Starting Set console font and keymap...
         Starting Commit a transient machine-id on disk...
         Starting LSB: AppArmor initialization...
         Starting Create Volatile Files and Directories...
         Starting Tell Plymouth To Write Out Runtime Data...
         Starting Initial cloud-init job (pre-networking)...
[[0;32m  OK  [0m] Started Commit a transient machine-id on disk.
[[0;32m  OK  [0m] Started Create Volatile Files and Directories.
[[0;32m  OK  [0m] Started Tell Plymouth To Write Out Runtime Data.
         Starting Update UTMP about System Boot/Shutdown...
[[0;32m  OK  [0m] Started Update UTMP about System Boot/Shutdown.
[[0;32m  OK  [0m] Found device /dev/ttyS0.
[[0;32m  OK  [0m] Listening on Load/Save RF Kill Switch Status /dev/rfkill Watch.
[[0;32m  OK  [0m] Started LSB: AppArmor initialization.
         Starting Load AppArmor profiles managed internally by snapd...
[[0;32m  OK  [0m] Started Set console font and keymap.
[   11.148216] cloud-init[505]: Cloud-init v. 20.4.1-0ubuntu1~16.04.1 running 'init-local' at Sun, 24 Jan 2021 21:17:34 +0000. Up 10.67 seconds.[[0;32m  OK  [0m] Started Load AppArmor profiles managed internally by snapd.
[[0;32m  OK  [0m] Created slice system-getty.slice.

[[0;32m  OK  [0m] Started Initial cloud-init job (pre-networking).
[[0;32m  OK  [0m] Reached target Network (Pre).
         Starting Raise network interfaces...
[[0;32m  OK  [0m] Started Raise network interfaces.
         Starting Initial cloud-init job (metadata service crawler)...
[[0;32m  OK  [0m] Reached target Network.
[   13.883500] cloud-init[960]: Cloud-init v. 20.4.1-0ubuntu1~16.04.1 running 'init' at Sun, 24 Jan 2021 21:17:35 +0000. Up 12.46 seconds.
[   13.889374] cloud-init[960]: ci-info: ++++++++++++++++++++++++++++++++++++++Net device info+++++++++++++++++++++++++++++++++++++++
[   13.899079] cloud-init[960]: ci-info: +--------+-------+----------------------------+---------------+--------+-------------------+
[   13.906154] cloud-init[960]: ci-info: | Device |   Up  |          Address           |      Mask     | Scope  |     Hw-Address    |
[   13.914457] cloud-init[960]: ci-info: +--------+-------+----------------------------+---------------+--------+-------------------+
[   13.922648] cloud-init[960]: ci-info: | enp0s3 |  True |         10.0.2.15          | 255.255.255.0 | global | 02:95:c5:cf:8a:88 |
[   13.935945] cloud-init[960]: ci-info: | enp0s3 |  True | fe80::95:c5ff:fecf:8a88/64 |       .       |  link  | 02:95:c5:cf:8a:88 |
[   13.946554] cloud-init[960]: ci-info: | enp0s8 | False |             .              |       .       |   .    | 08:00:27:93:3f:d6 |
[   13.961652] cloud-init[960]: ci-info: |   lo   |  True |         127.0.0.1          |   255.0.0.0   |  host  |         .         |
[   13.972970] cloud-init[960]: ci-info: |   lo   |  True |          ::1/128           |       .       |  host  |         .         |
[   13.993201] cloud-init[960]: ci-info: +--------+-------+----------------------------+---------------+--------+-------------------+
[   14.011035] cloud-init[960]: ci-info: +++++++++++++++++++++++++++Route IPv4 info++++++++++++++++++++++++++++
[   14.022397] cloud-init[960]: ci-info: +-------+-------------+----------+---------------+-----------+-------+
[   14.035567] cloud-init[960]: ci-info: | Route | Destination | Gateway  |    Genmask    | Interface | Flags |
[   14.046832] cloud-init[960]: ci-info: +-------+-------------+----------+---------------+-----------+-------+
[   14.059896] cloud-init[960]: ci-info: |   0   |   0.0.0.0   | 10.0.2.2 |    0.0.0.0    |   enp0s3  |   UG  |
[   14.067350] cloud-init[960]: ci-info: |   1   |   10.0.2.0  | 0.0.0.0  | 255.255.255.0 |   enp0s3  |   U   |
[   14.071176] cloud-init[960]: ci-info: +-------+-------------+----------+---------------+-----------+-------+
[   14.080941] cloud-init[960]: ci-info: +++++++++++++++++++Route IPv6 info+++++++++++++++++++
[   14.089329] cloud-init[960]: ci-info: +-------+-------------+---------+-----------+-------+
[   14.095935] cloud-init[960]: ci-info: | Route | Destination | Gateway | Interface | Flags |
[   14.101134] cloud-init[960]: ci-info: +-------+-------------+---------+-----------+-------+
[   14.106450] cloud-init[960]: ci-info: |   0   |  fe80::/64  |    ::   |   enp0s3  |   U   |
[   14.112013] cloud-init[960]: ci-info: |   3   |   ff00::/8  |    ::   |   enp0s3  |   U   |
[   14.117552] cloud-init[960]: ci-info: +-------+-------------+---------+-----------+-------+
[   14.121308] cloud-init[960]: Generating public/private rsa key pair.
[   14.125108] cloud-init[960]: Your identification has been saved in /etc/ssh/ssh_host_rsa_key.
[   14.128492] cloud-init[960]: Your public key has been saved in /etc/ssh/ssh_host_rsa_key.pub.
[   14.132983] cloud-init[960]: The key fingerprint is:
[   14.136673] cloud-init[960]: SHA256:lBK9EeGDijnlyTqGROLJ2TEenL5vwn/tt26mTj4Nm1A root@ubuntu-xenial
[   14.149060] cloud-init[960]: The key's randomart image is:
[   14.153584] cloud-init[960]: +---[RSA 2048]----+
[   14.156883] cloud-init[960]: |      ..oo       |
[   14.161152] cloud-init[960]: |  . .  +o.       |
[   14.164977] cloud-init[960]: |.. *. o =o       |
[   14.172829] cloud-init[960]: |= **+o o.E       |
[   14.176622] cloud-init[960]: | *++=   S        |
[   14.179433] cloud-init[960]: |.. o.  . .       |
[   14.183229] cloud-init[960]: |. =.    o.=      |
[   14.187717] cloud-init[960]: | . +.. .o= =     |
[   14.189590] cloud-init[960]: |    +o. o=Bo.    |
[   14.192192] cloud-init[960]: +----[SHA256]-----+
[   14.200998] cloud-init[960]: Generating public/private dsa key pair.
[[0;32m  OK  [0m] Started Initial cloud-init job (metadata service crawler).
[[0;32m  OK  [0m] Reached target System Initialization.
[   14.215863]          cloud-initStarting Socket activation for snappy daemon.[960]: 
Your identification has been saved in /etc/ssh/ssh_host_dsa_key.
[   14.241522] [cloud-init[0;32m  OK  [0m[960]: ] Your public key has been saved in /etc/ssh/ssh_host_dsa_key.pub.Listening on D-Bus System Message Bus Socket.

[   14.248845] [cloud-init[0;32m  OK  [0m[960]: ] The key fingerprint is:Started Daily apt download activities.

[   14.254413] cloud-init[960]: SHA256:+YXLXlB6IRT3EwZMqWWlSAlw3d2DukRxvns1c+ciJig root@ubuntu-xenial
[[0;32m  OK  [0m] Started Daily apt upgrade and clean activities.
[   14.258127] [cloud-init[0;32m  OK  [0m[960]: ] The key's randomart image is:Listening on ACPID Listen Socket.

[   14.263809]          Starting LXD - unix socket.
[[0;32m  OK  [0m] Started Message of the Day.
cloud-init[960]: +---[DSA 1024]----+
[[0;32m  OK  [0m] Started Daily Cleanup of Temporary Directories.
[   14.278992] cloud-init[[0;32m  OK  [0m] Started ACPI Events Check.
[[0;32m  OK  [0m] Reached target Paths.
[[0;32m  OK  [0m] Listening on UUID daemon activation socket.
[[0;32m  OK  [0m] Reached target Timers.
[[0;32m  OK  [0m] Reached target Network is Online.
[960]: |      ..oo+B=*=. |
[   14.292598] cloud-init[960]: |       . oo+O=.o.|
[   14.297409] cloud-init[960]: |          ++=.o .|
[   14.301142] cloud-init[960]: |         ..B ... |
         Starting iSCSI initiator daemon (iscsid)...
[[0;32m  OK  [0m] Reached target Cloud-config availability.
[   14.306670] cloud-init[960]: |        S = +. o+|
[[0;32m  OK  [0m] Listening on Socket activation for snappy daemon.
[   14.317464] [[0;32m  OK  [0m] Listening on LXD - unix socket.
[[0;32m  OK  [0m] Reached target Sockets.
cloud-init[960]: |         + *  ..*|
[[0;32m  OK  [0m] Reached target Basic System.
         Starting LSB: Record successful boot for GRUB...
         Starting LSB: MD monitoring daemon...
[[0;32m  OK  [0m] Started D-Bus System Message Bus.
[   14.336989] cloud-init[960]: |      E . = +....|
[   14.351762] cloud-init[960]: |       . . + ... |
[   14.355338] cloud-init[960]: |          .      |
[   14.358793] cloud-init[960]: +----[SHA256]-----+
[   14.367065] cloud-init[960]: Generating public/private ecdsa key pair.
[   14.376900] cloud-init[960]: Your identification has been saved in /etc/ssh/ssh_host_ecdsa_key.
[   14.384773] cloud-init[960]: Your public key has been saved in /etc/ssh/ssh_host_ecdsa_key.pub.
[   14.389855] cloud-init[960]: The key fingerprint is:
[   14.392508] cloud-init[960]: SHA256:gCkd/Mnu3oYc7g98BskN0nQz6w94YEqCNak9lvGpjtU root@ubuntu-xenial
[   14.401001] cloud-init[960]: The key's randomart image is:
[   14.403698]          Starting Login Service...
cloud-init[960]: +---[ECDSA 256]---+
         Starting Accounts Service...
[[0;32m  OK  [0m] Started Regular background program processing daemon.
[   14.408546] cloud-init[[0;32m  OK  [0m] Started Deferred execution scheduler.
         Starting System Logging Service...
         Starting LXD - container startup/shutdown...
         Starting Virtualbox guest utils...
[960]: |  oo. . +        |
[   14.461821] cloud-init[960]: | ooo.* . +       |
[   14.462513] cloud-init[960]: |.oo+*+*..        |
         Starting Snap Daemon...
[   14.476722] cloud-init[960]: |. =+o=+O         |
[[0;32m  OK  [0m] Started ACPI event daemon.
         Starting /etc/rc.local Compatibility...
         Starting Pollinate to seed the pseudo random number generator...
[   14.487002] [[0;32m  OK  [0mcloud-init] Started FUSE filesystem for LXC.
[[0;32m  OK  [0m] Started /etc/rc.local Compatibility.
[960]: | . +..= S        |
[[0;32m  OK  [0m] Started iSCSI initiator daemon (iscsid).
[[0;32m  OK  [0m] Started System Logging Service.
[[0;32m  OK  [0m] Started LSB: MD monitoring daemon.
[[0;32m  OK  [0m] Started Login Service.
[   14.563689] cloud-init[960]: |  o E.oo o       |
[   14.610264] cloud-init[960]: | +   +ooo .      |
[[0;32m  OK  [0m] Started Unattended Upgrades Shutdown.
         Starting Login to default iSCSI targets...
[   14.626066] cloud-init[960]: |. .   ==.        |
[   14.652476] cloud-init[960]: |     oooo        |
[   14.665908] cloud-init[960]: +----[SHA256]-----+
         Starting Authenticate and Authorize Users to Run Privileged Tasks...
[[0;32m  OK  [0m] Started LSB: Record successful boot for GRUB.
[   14.715793] cloud-init[960]: Generating public/private ed25519 key pair.
[   14.765664] cloud-init[960]: Your identification has been saved in /etc/ssh/ssh_host_ed25519_key.
[   14.776870] cloud-init[960]: Your public key has been saved in /etc/ssh/ssh_host_ed25519_key.pub.
[   14.785671] cloud-init[960]: The key fingerprint is:
[   14.806651] cloud-init[960]: SHA256:kWhvoxb06x7qJojavbPOqRKKypTRirWE4NeuVgK2nRg root@ubuntu-xenial
[[0;32m  OK  [0m] Started Login to default iSCSI targets.
[[0;32m  OK  [0m] Reached target Remote File Systems (Pre).
[[0;32m  OK  [0m] Reached target Remote File Systems.
[   14.822784] cloud-init[960]: The key's randomart image is:
[   14.841081] cloud-init[960]: +--[ED25519 256]--+
[   14.845017] cloud-init         Starting LSB: daemon to balance interrupts for SMP systems...
         Starting LSB: Set the CPU Frequency Scaling governor to "ondemand"...
[960]:          Starting LSB: automatic crash report generation...
         Starting Permit User Sessions...
|                 |
[   14.868150] cloud-init[960]: |       . .       |
[   14.874401] cloud-init[960]: |.     + o        |
[   14.897033] cloud-init[960]: |oE. .o o .       |
[[0;32m  OK  [0m] Started Authenticate and Authorize Users to Run Privileged Tasks.
[   14.909045] cloud-init[960]: |ooOo... S        |
[   14.938735] cloud-init[960]: |o===.. + o       |
[[0;32m  OK  [0m] Started Permit User Sessions.
[   14.969493] cloud-init[960]: |+*..o.o o        |
[   14.985201] cloud-init[960]: |B..++o.o .       |
         Starting Hold until boot process finishes up...
         Starting Terminate Plymouth Boot Screen...
[[0;32m  OK  [0m] Started Hold until boot process finishes up.
         Starting Set console scheme...
[[0;32m  OK  [0m] Started Getty on tty1.
[   15.003133] cloud-init[960]: |=o++BBo.o        |
[[0;32m  OK  [0m] Started Serial Getty on ttyS0.
[[0;32m  OK  [0m] Reached target Login Prompts.
[   15.054964] cloud-init[960]: +----[SHA256]-----+
[[0;32m  OK  [0m] Started Terminate Plymouth Boot Screen.
[[0;32m  OK  [0m] Started LXD - container startup/shutdown.
[[0;32m  OK  [0m] Started Set console scheme.
[[0;32m  OK  [0m] Started Accounts Service.
[[0;32m  OK  [0m] Started LSB: Set the CPU Frequency Scaling governor to "ondemand".
[[0;32m  OK  [0m] Started LSB: daemon to balance interrupts for SMP systems.
[[0;32m  OK  [0m] Started LSB: automatic crash report generation.
[[0;32m  OK  [0m] Started Virtualbox guest utils.
[[0;32m  OK  [0m] Started Snap Daemon.
         Starting Wait until snapd is fully seeded...
[[0;32m  OK  [0m] Started Pollinate to seed the pseudo random number generator.
         Starting OpenBSD Secure Shell server...
[[0;32m  OK  [0m] Started OpenBSD Secure Shell server.
[[0;32m  OK  [0m] Created slice User Slice of vagrant.
         Starting User Manager for UID 1000...
[[0;32m  OK  [0m] Started Session 1 of user vagrant.
[[0;32m  OK  [0m] Started User Manager for UID 1000.
[[0;32m  OK  [0m] Started Wait until snapd is fully seeded.
         Starting Apply the settings specified in cloud-config...
[[0;32m  OK  [0m] Reached target Multi-User System.
[[0;32m  OK  [0m] Reached target Graphical Interface.
         Starting Update UTMP about System Runlevel Changes...
[[0;32m  OK  [0m] Started Update UTMP about System Runlevel Changes.
[   18.497311] cloud-init[1422]: Generating locales (this might take a while)...
         Stopping User Manager for UID 1000...
[[0;32m  OK  [0m] Stopped User Manager for UID 1000.
[[0;32m  OK  [0m] Removed slice User Slice of vagrant.
[[0;32m  OK  [0m] Created slice User Slice of vagrant.
         Starting User Manager for UID 1000...
[[0;32m  OK  [0m] Started Session 2 of user vagrant.
[[0;32m  OK  [0m] Started User Manager for UID 1000.
[   19.837494] cloud-init[1422]:   en_US.UTF-8... done
[   19.840726] cloud-init[1422]: Generation complete.
[   20.393517] cloud-init[1422]: Cloud-init v. 20.4.1-0ubuntu1~16.04.1 running 'modules:config' at Sun, 24 Jan 2021 21:17:41 +0000. Up 18.31 seconds.

Ubuntu 16.04.7 LTS ubuntu-xenial ttyS0

ubuntu-xenial login: ci-info: no authorized SSH keys fingerprints found for user ubuntu.
<14>Jan 24 21:17:44 ec2: 
<14>Jan 24 21:17:44 ec2: #############################################################
<14>Jan 24 21:17:44 ec2: -----BEGIN SSH HOST KEY FINGERPRINTS-----
<14>Jan 24 21:17:44 ec2: 1024 SHA256:+YXLXlB6IRT3EwZMqWWlSAlw3d2DukRxvns1c+ciJig root@ubuntu-xenial (DSA)
<14>Jan 24 21:17:44 ec2: 256 SHA256:gCkd/Mnu3oYc7g98BskN0nQz6w94YEqCNak9lvGpjtU root@ubuntu-xenial (ECDSA)
<14>Jan 24 21:17:44 ec2: 256 SHA256:kWhvoxb06x7qJojavbPOqRKKypTRirWE4NeuVgK2nRg root@ubuntu-xenial (ED25519)
<14>Jan 24 21:17:44 ec2: 2048 SHA256:lBK9EeGDijnlyTqGROLJ2TEenL5vwn/tt26mTj4Nm1A root@ubuntu-xenial (RSA)
<14>Jan 24 21:17:44 ec2: -----END SSH HOST KEY FINGERPRINTS-----
<14>Jan 24 21:17:44 ec2: #############################################################
-----BEGIN SSH HOST KEY KEYS-----
ecdsa-sha2-nistp256 AAAAE2VjZHNhLXNoYTItbmlzdHAyNTYAAAAIbmlzdHAyNTYAAABBBI0ekiox/YHVxblgz1BdGpuXrmIrFdV3mVcWH5KjXq/MvEPHL7n05AIvhON7wWOtiC7C26lLvZd4GfUjSYGW4hs= root@ubuntu-xenial
ssh-ed25519 AAAAC3NzaC1lZDI1NTE5AAAAIL7tcJ0k++BudTfQ9iw1yfKx8XV/SGTz2KbDwowJmBU5 root@ubuntu-xenial
ssh-rsa AAAAB3NzaC1yc2EAAAADAQABAAABAQDT9bS9fL5mY+dC2RAHKbp+obCB+pJzQigCdaicfXZHU6Q1DeZB+KaQ1gUJuXricAnzGTf3hj1M0f0WSOOsZKtSGrnBjj35zDo0+hZAd/xcgEuJdfMm2dEe4Or2l5vQ4NfY0iw34Odv2QvKOJoIhAfASVkTPxNSFKR0Jy6bY5SnUxhsjvsQLo3DQE/JAlT8tvDffQqs5g0IBeHW0ljBorVBU1F++Pw7L3qWKIC1++czwN95Q9aFtz6VaPawvb+mLGddtPJt/1MGwu2fkjKCmMD/T+Jg0/OXAQ5umhrLKRCgmpkdsh2+TNs/wdQujRZEFhJVcu/tsSWlfeMx9KMRbyVh root@ubuntu-xenial
-----END SSH HOST KEY KEYS-----
[   21.297748] cloud-init[1638]: Cloud-init v. 20.4.1-0ubuntu1~16.04.1 running 'modules:final' at Sun, 24 Jan 2021 21:17:44 +0000. Up 20.99 seconds.
[   21.304098] cloud-init[1638]: ci-info: no authorized SSH keys fingerprints found for user ubuntu.
[   21.308525] cloud-init[1638]: Cloud-init v. 20.4.1-0ubuntu1~16.04.1 finished at Sun, 24 Jan 2021 21:17:44 +0000. Datasource DataSourceNoCloud [seed=/dev/sdb][dsmode=net].  Up 21.28 seconds
